{"C:\\Users\\swastik\\Documents\\apps\\polingappnew\\Components\\Home.tsx": {"path":"C:\\Users\\swastik\\Documents\\apps\\polingappnew\\Components\\Home.tsx","statementMap":{"0":{"start":{"line":15,"column":20},"end":{"line":106,"column":1}},"1":{"start":{"line":16,"column":26},"end":{"line":16,"column":45}},"2":{"start":{"line":17,"column":18},"end":{"line":17,"column":45}},"3":{"start":{"line":19,"column":2},"end":{"line":25,"column":13}},"4":{"start":{"line":20,"column":4},"end":{"line":20,"column":14}},"5":{"start":{"line":21,"column":21},"end":{"line":23,"column":13}},"6":{"start":{"line":22,"column":6},"end":{"line":22,"column":16}},"7":{"start":{"line":24,"column":4},"end":{"line":24,"column":41}},"8":{"start":{"line":24,"column":17},"end":{"line":24,"column":40}},"9":{"start":{"line":27,"column":18},"end":{"line":36,"column":3}},"10":{"start":{"line":28,"column":4},"end":{"line":35,"column":9}},"11":{"start":{"line":33,"column":8},"end":{"line":33,"column":35}},"12":{"start":{"line":34,"column":8},"end":{"line":34,"column":45}},"13":{"start":{"line":38,"column":24},"end":{"line":40,"column":3}},"14":{"start":{"line":39,"column":4},"end":{"line":39,"column":22}},"15":{"start":{"line":42,"column":26},"end":{"line":45,"column":3}},"16":{"start":{"line":43,"column":4},"end":{"line":43,"column":30}},"17":{"start":{"line":44,"column":4},"end":{"line":44,"column":34}},"18":{"start":{"line":46,"column":2},"end":{"line":105,"column":4}},"19":{"start":{"line":62,"column":10},"end":{"line":101,"column":17}},"20":{"start":{"line":66,"column":18},"end":{"line":66,"column":40}},"21":{"start":{"line":108,"column":15},"end":{"line":139,"column":2}}},"fnMap":{"0":{"name":"(anonymous_0)","decl":{"start":{"line":15,"column":20},"end":{"line":15,"column":21}},"loc":{"start":{"line":15,"column":45},"end":{"line":106,"column":1}},"line":15},"1":{"name":"(anonymous_1)","decl":{"start":{"line":19,"column":12},"end":{"line":19,"column":13}},"loc":{"start":{"line":19,"column":18},"end":{"line":25,"column":3}},"line":19},"2":{"name":"(anonymous_2)","decl":{"start":{"line":21,"column":33},"end":{"line":21,"column":34}},"loc":{"start":{"line":21,"column":39},"end":{"line":23,"column":5}},"line":21},"3":{"name":"(anonymous_3)","decl":{"start":{"line":24,"column":11},"end":{"line":24,"column":12}},"loc":{"start":{"line":24,"column":17},"end":{"line":24,"column":40}},"line":24},"4":{"name":"(anonymous_4)","decl":{"start":{"line":27,"column":18},"end":{"line":27,"column":19}},"loc":{"start":{"line":27,"column":24},"end":{"line":36,"column":3}},"line":27},"5":{"name":"(anonymous_5)","decl":{"start":{"line":32,"column":12},"end":{"line":32,"column":13}},"loc":{"start":{"line":32,"column":26},"end":{"line":35,"column":7}},"line":32},"6":{"name":"(anonymous_6)","decl":{"start":{"line":38,"column":24},"end":{"line":38,"column":25}},"loc":{"start":{"line":38,"column":30},"end":{"line":40,"column":3}},"line":38},"7":{"name":"(anonymous_7)","decl":{"start":{"line":42,"column":26},"end":{"line":42,"column":27}},"loc":{"start":{"line":42,"column":41},"end":{"line":45,"column":3}},"line":42},"8":{"name":"(anonymous_8)","decl":{"start":{"line":61,"column":20},"end":{"line":61,"column":21}},"loc":{"start":{"line":62,"column":10},"end":{"line":101,"column":17}},"line":62},"9":{"name":"(anonymous_9)","decl":{"start":{"line":65,"column":25},"end":{"line":65,"column":26}},"loc":{"start":{"line":65,"column":31},"end":{"line":67,"column":17}},"line":65}},"branchMap":{},"s":{"0":1,"1":2,"2":2,"3":2,"4":2,"5":2,"6":0,"7":2,"8":2,"9":2,"10":2,"11":1,"12":1,"13":2,"14":0,"15":2,"16":0,"17":0,"18":2,"19":0,"20":0,"21":1},"f":{"0":2,"1":2,"2":0,"3":2,"4":2,"5":1,"6":0,"7":0,"8":0,"9":0},"b":{},"_coverageSchema":"1a1c01bbd47fc00a2c39e90264f33305004495a9","hash":"6e080632aefe2eb5c3f3849cb689132633ce8fa7"}
,"C:\\Users\\swastik\\Documents\\apps\\polingappnew\\Components\\Result.tsx": {"path":"C:\\Users\\swastik\\Documents\\apps\\polingappnew\\Components\\Result.tsx","statementMap":{"0":{"start":{"line":5,"column":22},"end":{"line":12,"column":1}},"1":{"start":{"line":6,"column":18},"end":{"line":6,"column":45}},"2":{"start":{"line":7,"column":2},"end":{"line":11,"column":4}},"3":{"start":{"line":14,"column":15},"end":{"line":18,"column":2}}},"fnMap":{"0":{"name":"(anonymous_0)","decl":{"start":{"line":5,"column":22},"end":{"line":5,"column":23}},"loc":{"start":{"line":5,"column":28},"end":{"line":12,"column":1}},"line":5}},"branchMap":{},"s":{"0":1,"1":1,"2":1,"3":1},"f":{"0":1},"b":{},"_coverageSchema":"1a1c01bbd47fc00a2c39e90264f33305004495a9","hash":"915f0de72d98b5c74d3988ded945428c0e873bc2"}
,"C:\\Users\\swastik\\Documents\\apps\\polingappnew\\Context\\Appcontext.tsx": {"path":"C:\\Users\\swastik\\Documents\\apps\\polingappnew\\Context\\Appcontext.tsx","statementMap":{"0":{"start":{"line":8,"column":26},"end":{"line":8,"column":64}},"1":{"start":{"line":9,"column":34},"end":{"line":20,"column":1}},"2":{"start":{"line":10,"column":26},"end":{"line":10,"column":47}},"3":{"start":{"line":11,"column":42},"end":{"line":11,"column":63}},"4":{"start":{"line":12,"column":26},"end":{"line":12,"column":49}},"5":{"start":{"line":13,"column":29},"end":{"line":13,"column":52}},"6":{"start":{"line":15,"column":2},"end":{"line":19,"column":4}}},"fnMap":{"0":{"name":"(anonymous_0)","decl":{"start":{"line":9,"column":34},"end":{"line":9,"column":35}},"loc":{"start":{"line":9,"column":57},"end":{"line":20,"column":1}},"line":9}},"branchMap":{},"s":{"0":3,"1":3,"2":1,"3":1,"4":1,"5":1,"6":1},"f":{"0":1},"b":{},"_coverageSchema":"1a1c01bbd47fc00a2c39e90264f33305004495a9","hash":"592b907f44916b3d7d56e4719a88155eb96b2bc1"}
}
