{"C:\\Users\\swastik\\Documents\\code3\\polingapp\\Components\\Home.tsx": {"path":"C:\\Users\\swastik\\Documents\\code3\\polingapp\\Components\\Home.tsx","statementMap":{"0":{"start":{"line":8,"column":20},"end":{"line":69,"column":1}},"1":{"start":{"line":12,"column":26},"end":{"line":12,"column":45}},"2":{"start":{"line":13,"column":17},"end":{"line":13,"column":44}},"3":{"start":{"line":15,"column":2},"end":{"line":21,"column":13}},"4":{"start":{"line":16,"column":4},"end":{"line":16,"column":14}},"5":{"start":{"line":17,"column":21},"end":{"line":19,"column":13}},"6":{"start":{"line":18,"column":6},"end":{"line":18,"column":16}},"7":{"start":{"line":20,"column":4},"end":{"line":20,"column":41}},"8":{"start":{"line":20,"column":17},"end":{"line":20,"column":40}},"9":{"start":{"line":24,"column":18},"end":{"line":33,"column":3}},"10":{"start":{"line":25,"column":4},"end":{"line":32,"column":9}},"11":{"start":{"line":30,"column":8},"end":{"line":30,"column":35}},"12":{"start":{"line":31,"column":8},"end":{"line":31,"column":45}},"13":{"start":{"line":35,"column":24},"end":{"line":37,"column":3}},"14":{"start":{"line":36,"column":4},"end":{"line":36,"column":22}},"15":{"start":{"line":39,"column":26},"end":{"line":41,"column":3}},"16":{"start":{"line":40,"column":4},"end":{"line":40,"column":34}},"17":{"start":{"line":42,"column":2},"end":{"line":68,"column":4}},"18":{"start":{"line":50,"column":10},"end":{"line":64,"column":17}},"19":{"start":{"line":71,"column":15},"end":{"line":90,"column":2}}},"fnMap":{"0":{"name":"(anonymous_0)","decl":{"start":{"line":8,"column":20},"end":{"line":8,"column":21}},"loc":{"start":{"line":8,"column":42},"end":{"line":69,"column":1}},"line":8},"1":{"name":"(anonymous_1)","decl":{"start":{"line":15,"column":12},"end":{"line":15,"column":13}},"loc":{"start":{"line":15,"column":18},"end":{"line":21,"column":3}},"line":15},"2":{"name":"(anonymous_2)","decl":{"start":{"line":17,"column":33},"end":{"line":17,"column":34}},"loc":{"start":{"line":17,"column":39},"end":{"line":19,"column":5}},"line":17},"3":{"name":"(anonymous_3)","decl":{"start":{"line":20,"column":11},"end":{"line":20,"column":12}},"loc":{"start":{"line":20,"column":17},"end":{"line":20,"column":40}},"line":20},"4":{"name":"(anonymous_4)","decl":{"start":{"line":24,"column":18},"end":{"line":24,"column":19}},"loc":{"start":{"line":24,"column":24},"end":{"line":33,"column":3}},"line":24},"5":{"name":"(anonymous_5)","decl":{"start":{"line":29,"column":12},"end":{"line":29,"column":13}},"loc":{"start":{"line":29,"column":26},"end":{"line":32,"column":7}},"line":29},"6":{"name":"(anonymous_6)","decl":{"start":{"line":35,"column":24},"end":{"line":35,"column":25}},"loc":{"start":{"line":35,"column":30},"end":{"line":37,"column":3}},"line":35},"7":{"name":"(anonymous_7)","decl":{"start":{"line":39,"column":26},"end":{"line":39,"column":27}},"loc":{"start":{"line":39,"column":32},"end":{"line":41,"column":3}},"line":39},"8":{"name":"(anonymous_8)","decl":{"start":{"line":49,"column":20},"end":{"line":49,"column":21}},"loc":{"start":{"line":50,"column":10},"end":{"line":64,"column":17}},"line":50}},"branchMap":{},"s":{"0":1,"1":2,"2":2,"3":2,"4":2,"5":2,"6":0,"7":2,"8":2,"9":2,"10":2,"11":1,"12":1,"13":2,"14":0,"15":2,"16":0,"17":2,"18":0,"19":1},"f":{"0":2,"1":2,"2":0,"3":2,"4":2,"5":1,"6":0,"7":0,"8":0},"b":{},"_coverageSchema":"1a1c01bbd47fc00a2c39e90264f33305004495a9","hash":"a9d3297f0d18fe4b8562d1f5153b7c5339cd3b23"}
,"C:\\Users\\swastik\\Documents\\code3\\polingapp\\Components\\Result.tsx": {"path":"C:\\Users\\swastik\\Documents\\code3\\polingapp\\Components\\Result.tsx","statementMap":{"0":{"start":{"line":6,"column":22},"end":{"line":13,"column":1}},"1":{"start":{"line":7,"column":17},"end":{"line":7,"column":44}},"2":{"start":{"line":8,"column":2},"end":{"line":12,"column":3}},"3":{"start":{"line":16,"column":15},"end":{"line":20,"column":2}}},"fnMap":{"0":{"name":"(anonymous_0)","decl":{"start":{"line":6,"column":22},"end":{"line":6,"column":23}},"loc":{"start":{"line":6,"column":28},"end":{"line":13,"column":1}},"line":6}},"branchMap":{},"s":{"0":1,"1":1,"2":1,"3":1},"f":{"0":1},"b":{},"_coverageSchema":"1a1c01bbd47fc00a2c39e90264f33305004495a9","hash":"17c6fedbb234c0ca32919ed41149a2507612718c"}
,"C:\\Users\\swastik\\Documents\\code3\\polingapp\\Context\\Appcontext.tsx": {"path":"C:\\Users\\swastik\\Documents\\code3\\polingapp\\Context\\Appcontext.tsx","statementMap":{"0":{"start":{"line":8,"column":26},"end":{"line":8,"column":64}},"1":{"start":{"line":9,"column":34},"end":{"line":19,"column":1}},"2":{"start":{"line":10,"column":26},"end":{"line":10,"column":47}},"3":{"start":{"line":11,"column":42},"end":{"line":11,"column":63}},"4":{"start":{"line":12,"column":26},"end":{"line":12,"column":49}},"5":{"start":{"line":14,"column":2},"end":{"line":18,"column":4}}},"fnMap":{"0":{"name":"(anonymous_0)","decl":{"start":{"line":9,"column":34},"end":{"line":9,"column":35}},"loc":{"start":{"line":9,"column":57},"end":{"line":19,"column":1}},"line":9}},"branchMap":{},"s":{"0":2,"1":2,"2":0,"3":0,"4":0,"5":0},"f":{"0":0},"b":{},"_coverageSchema":"1a1c01bbd47fc00a2c39e90264f33305004495a9","hash":"71fc0f8dfe27243a078dad0d641737c9495adbd3"}
}
