TN:
SF:Components\Home.tsx
FN:8,(anonymous_0)
FN:15,(anonymous_1)
FN:17,(anonymous_2)
FN:20,(anonymous_3)
FN:24,(anonymous_4)
FN:29,(anonymous_5)
FN:35,(anonymous_6)
FN:39,(anonymous_7)
FN:49,(anonymous_8)
FNF:9
FNH:5
FNDA:2,(anonymous_0)
FNDA:2,(anonymous_1)
FNDA:0,(anonymous_2)
FNDA:2,(anonymous_3)
FNDA:2,(anonymous_4)
FNDA:1,(anonymous_5)
FNDA:0,(anonymous_6)
FNDA:0,(anonymous_7)
FNDA:0,(anonymous_8)
DA:8,1
DA:12,2
DA:13,2
DA:15,2
DA:16,2
DA:17,2
DA:18,0
DA:20,2
DA:24,2
DA:25,2
DA:30,1
DA:31,1
DA:35,2
DA:36,0
DA:39,2
DA:40,0
DA:42,2
DA:50,0
DA:71,1
LF:19
LH:15
BRF:0
BRH:0
end_of_record
TN:
SF:Components\Result.tsx
FN:6,(anonymous_0)
FNF:1
FNH:1
FNDA:1,(anonymous_0)
DA:6,1
DA:7,1
DA:8,1
DA:16,1
LF:4
LH:4
BRF:0
BRH:0
end_of_record
TN:
SF:Context\Appcontext.tsx
FN:9,(anonymous_0)
FNF:1
FNH:0
FNDA:0,(anonymous_0)
DA:8,2
DA:9,2
DA:10,0
DA:11,0
DA:12,0
DA:14,0
LF:6
LH:2
BRF:0
BRH:0
end_of_record
